#
# There is insufficient memory for the Java Runtime Environment to continue.
# Native memory allocation (malloc) failed to allocate 301296 bytes. Error detail: Chunk::new
# Possible reasons:
#   The system is out of physical RAM or swap space
#   This process is running with CompressedOops enabled, and the Java Heap may be blocking the growth of the native heap
# Possible solutions:
#   Reduce memory load on the system
#   Increase physical memory or swap space
#   Check if swap backing store is full
#   Decrease Java heap size (-Xmx/-Xms)
#   Decrease number of Java threads
#   Decrease Java thread stack sizes (-Xss)
#   Set larger code cache with -XX:ReservedCodeCacheSize=
#   JVM is running with Unscaled Compressed Oops mode in which the Java heap is
#     placed in the first 4GB address space. The Java Heap base address is the
#     maximum limit for the native heap growth. Please use -XX:HeapBaseMinAddress
#     to set the Java Heap base and to place the Java Heap above 4GB virtual address.
# This output file may be truncated or incomplete.
#
#  Out of Memory Error (arena.cpp:168), pid=31788, tid=30324
#
# JRE version: OpenJDK Runtime Environment Temurin-21.0.11+10 (21.0.11+10) (build 21.0.11+10-LTS)
# Java VM: OpenJDK 64-Bit Server VM Temurin-21.0.11+10 (21.0.11+10-LTS, mixed mode, sharing, tiered, compressed oops, compressed class ptrs, parallel gc, windows-amd64)
# No core dump will be written. Minidumps are not enabled by default on client versions of Windows
#

---------------  S U M M A R Y ------------

Command Line: --add-modules=ALL-SYSTEM --add-opens=java.base/java.util=ALL-UNNAMED --add-opens=java.base/java.lang=ALL-UNNAMED --add-opens=java.base/sun.nio.fs=ALL-UNNAMED -Declipse.application=org.eclipse.jdt.ls.core.id1 -Dosgi.bundles.defaultStartLevel=4 -Declipse.product=org.eclipse.jdt.ls.core.product -Djava.import.generatesMetadataFilesAtProjectRoot=false -DDetectVMInstallationsJob.disabled=true -Dfile.encoding=utf8 -XX:+UseParallelGC -XX:GCTimeRatio=4 -XX:AdaptiveSizePolicyWeight=90 -Dsun.zip.disableMemoryMapping=true -Xmx2G -Xms100m -Xlog:disable -javaagent:c:\Users\NOE\.vscode\extensions\redhat.java-1.55.0-win32-x64\lombok\lombok-1.18.39-4050.jar -XX:+HeapDumpOnOutOfMemoryError -XX:HeapDumpPath=c:\Users\NOE\AppData\Roaming\Code\User\workspaceStorage\a93dea7a70cf609bd9422a23e89fab1c\redhat.java -Daether.dependencyCollector.impl=bf c:\Users\NOE\.vscode\extensions\redhat.java-1.55.0-win32-x64\server\plugins\org.eclipse.equinox.launcher_1.7.200.v20260619-2039.jar -configuration c:\Users\NOE\AppData\Roaming\Code\User\globalStorage\redhat.java\1.55.0\config_win -data c:\Users\NOE\AppData\Roaming\Code\User\workspaceStorage\a93dea7a70cf609bd9422a23e89fab1c\redhat.java\jdt_ws --pipe=\\.\pipe\lsp-bf101d2c7030f2c6afbf16ef4cc93c6c-sock

Host: 12th Gen Intel(R) Core(TM) i5-12500H, 16 cores, 7G,  Windows 11 , 64 bit Build 26100 (10.0.26100.8737)
Time: Mon Jun 29 01:13:06 2026 SE Asia Standard Time elapsed time: 8.949779 seconds (0d 0h 0m 8s)

---------------  T H R E A D  ---------------

Current thread (0x00000254e533d800):  JavaThread "C2 CompilerThread1" daemon [_thread_in_native, id=30324, stack(0x000000a370200000,0x000000a370300000) (1024K)]


Current CompileTask:
C2:8949 2388   !   4       java.lang.String::<init> (880 bytes)

Stack: [0x000000a370200000,0x000000a370300000]
Native frames: (J=compiled Java code, j=interpreted, Vv=VM code, C=native code)
V  [jvm.dll+0x6d7e19]
V  [jvm.dll+0x8b5096]
V  [jvm.dll+0x8b764e]
V  [jvm.dll+0x8b7d33]
V  [jvm.dll+0x284596]
V  [jvm.dll+0xc685d]
V  [jvm.dll+0xc6da1]
V  [jvm.dll+0x3bed31]
V  [jvm.dll+0x38b2b2]
V  [jvm.dll+0x38a6fa]
V  [jvm.dll+0x24c700]
V  [jvm.dll+0x24bce0]
V  [jvm.dll+0x1cb4ae]
V  [jvm.dll+0x25baad]
V  [jvm.dll+0x25a03a]
V  [jvm.dll+0x3f868e]
V  [jvm.dll+0x85fb0d]
V  [jvm.dll+0x6d664d]
C  [ucrtbase.dll+0x2cd30]
C  [KERNEL32.DLL+0x2e957]
C  [ntdll.dll+0xaad6c]


---------------  P R O C E S S  ---------------

Threads class SMR info:
_java_thread_list=0x00000254e535fc80, length=17, elements={
0x00000254c6c1f5f0, 0x00000254c6cc4520, 0x00000254c6bcb9a0, 0x00000254c6cc8a90,
0x00000254c6ccb700, 0x00000254c6cce170, 0x00000254c6cd0090, 0x00000254c6cd0e20,
0x00000254de9b7f60, 0x00000254dec50330, 0x00000254e02c0ea0, 0x00000254e5194340,
0x00000254e53e4f80, 0x00000254e03a5860, 0x00000254e03a6c10, 0x00000254e533d800,
0x00000254e03a6580
}

Java Threads: ( => current thread )
  0x00000254c6c1f5f0 JavaThread "main"                              [_thread_blocked, id=31660, stack(0x000000a36f200000,0x000000a36f300000) (1024K)]
  0x00000254c6cc4520 JavaThread "Reference Handler"          daemon [_thread_blocked, id=28740, stack(0x000000a36f600000,0x000000a36f700000) (1024K)]
  0x00000254c6bcb9a0 JavaThread "Finalizer"                  daemon [_thread_blocked, id=27460, stack(0x000000a36f700000,0x000000a36f800000) (1024K)]
  0x00000254c6cc8a90 JavaThread "Signal Dispatcher"          daemon [_thread_blocked, id=21552, stack(0x000000a36f800000,0x000000a36f900000) (1024K)]
  0x00000254c6ccb700 JavaThread "Attach Listener"            daemon [_thread_blocked, id=20108, stack(0x000000a36f900000,0x000000a36fa00000) (1024K)]
  0x00000254c6cce170 JavaThread "Service Thread"             daemon [_thread_blocked, id=31992, stack(0x000000a36fa00000,0x000000a36fb00000) (1024K)]
  0x00000254c6cd0090 JavaThread "Monitor Deflation Thread"   daemon [_thread_blocked, id=24400, stack(0x000000a36fb00000,0x000000a36fc00000) (1024K)]
  0x00000254c6cd0e20 JavaThread "C2 CompilerThread0"         daemon [_thread_in_native, id=3708, stack(0x000000a36fc00000,0x000000a36fd00000) (1024K)]
  0x00000254de9b7f60 JavaThread "C1 CompilerThread0"         daemon [_thread_in_native, id=24124, stack(0x000000a36fd00000,0x000000a36fe00000) (1024K)]
  0x00000254dec50330 JavaThread "Common-Cleaner"             daemon [_thread_blocked, id=19780, stack(0x000000a370000000,0x000000a370100000) (1024K)]
  0x00000254e02c0ea0 JavaThread "Notification Thread"        daemon [_thread_blocked, id=33700, stack(0x000000a370300000,0x000000a370400000) (1024K)]
  0x00000254e5194340 JavaThread "Active Thread: Equinox Container: 9db87ce8-31ed-419f-bfea-5bebdf23e953"        [_thread_blocked, id=19308, stack(0x000000a36ff00000,0x000000a370000000) (1024K)]
  0x00000254e53e4f80 JavaThread "Refresh Thread: Equinox Container: 9db87ce8-31ed-419f-bfea-5bebdf23e953" daemon [_thread_blocked, id=8936, stack(0x000000a370b00000,0x000000a370c00000) (1024K)]
  0x00000254e03a5860 JavaThread "Framework Event Dispatcher: Equinox Container: 9db87ce8-31ed-419f-bfea-5bebdf23e953" daemon [_thread_blocked, id=14164, stack(0x000000a370c00000,0x000000a370d00000) (1024K)]
  0x00000254e03a6c10 JavaThread "Start Level: Equinox Container: 9db87ce8-31ed-419f-bfea-5bebdf23e953" daemon [_thread_in_native, id=19464, stack(0x000000a370d00000,0x000000a370e00000) (1024K)]
=>0x00000254e533d800 JavaThread "C2 CompilerThread1"         daemon [_thread_in_native, id=30324, stack(0x000000a370200000,0x000000a370300000) (1024K)]
  0x00000254e03a6580 JavaThread "Bundle File Closer"         daemon [_thread_blocked, id=28960, stack(0x000000a36fe00000,0x000000a36ff00000) (1024K)]
Total: 17

Other Threads:
  0x00000254c6bb2dc0 VMThread "VM Thread"                           [id=14660, stack(0x000000a36f500000,0x000000a36f600000) (1024K)]
  0x00000254c6aacb20 WatcherThread "VM Periodic Task Thread"        [id=20136, stack(0x000000a36f400000,0x000000a36f500000) (1024K)]
  0x00000254c6c3e190 WorkerThread "GC Thread#0"                     [id=26776, stack(0x000000a36f300000,0x000000a36f400000) (1024K)]
  0x00000254e098db50 WorkerThread "GC Thread#1"                     [id=11916, stack(0x000000a370400000,0x000000a370500000) (1024K)]
  0x00000254e51a4440 WorkerThread "GC Thread#2"                     [id=29152, stack(0x000000a370500000,0x000000a370600000) (1024K)]
  0x00000254e0789960 WorkerThread "GC Thread#3"                     [id=19304, stack(0x000000a370600000,0x000000a370700000) (1024K)]
  0x00000254e0789d10 WorkerThread "GC Thread#4"                     [id=15340, stack(0x000000a370700000,0x000000a370800000) (1024K)]
  0x00000254e078a4d0 WorkerThread "GC Thread#5"                     [id=3364, stack(0x000000a370800000,0x000000a370900000) (1024K)]
  0x00000254e08caa20 WorkerThread "GC Thread#6"                     [id=3376, stack(0x000000a370900000,0x000000a370a00000) (1024K)]
  0x00000254e03b3290 WorkerThread "GC Thread#7"                     [id=29516, stack(0x000000a370a00000,0x000000a370b00000) (1024K)]
  0x00000254e54febb0 WorkerThread "GC Thread#8"                     [id=26000, stack(0x000000a370f00000,0x000000a371000000) (1024K)]
  0x00000254e5379100 WorkerThread "GC Thread#9"                     [id=3220, stack(0x000000a371000000,0x000000a371100000) (1024K)]
  0x00000254e53794b0 WorkerThread "GC Thread#10"                    [id=25356, stack(0x000000a371100000,0x000000a371200000) (1024K)]
Total: 13

Threads with active compile tasks:
C2 CompilerThread0  8972 2417       4       java.util.Collections$UnmodifiableCollection::iterator (9 bytes)
C2 CompilerThread1  8972 2388   !   4       java.lang.String::<init> (880 bytes)
Total: 2

VM state: not at safepoint (normal execution)

VM Mutex/Monitor currently owned by a thread: None

Heap address: 0x0000000080000000, size: 2048 MB, Compressed Oops mode: 32-bit

CDS archive(s) mapped at: [0x0000025480000000-0x0000025480ba0000-0x0000025480ba0000), size 12189696, SharedBaseAddress: 0x0000025480000000, ArchiveRelocationMode: 1.
Compressed class space mapped at: 0x0000025481000000-0x00000254c1000000, reserved size: 1073741824
Narrow klass base: 0x0000025480000000, Narrow klass shift: 0, Narrow klass range: 0x100000000

GC Precious Log:
 CardTable entry size: 512
 CPUs: 16 total, 16 available
 Memory: 7896M
 Large Page Support: Disabled
 NUMA Support: Disabled
 Compressed Oops: Enabled (32-bit)
 Alignments: Space 512K, Generation 512K, Heap 2M
 Heap Min Capacity: 100M
 Heap Initial Capacity: 100M
 Heap Max Capacity: 2G
 Pre-touch: Disabled
 Parallel Workers: 13

Heap:
 PSYoungGen      total 29696K, used 14011K [0x00000000d5580000, 0x00000000d7680000, 0x0000000100000000)
  eden space 25600K, 38% used [0x00000000d5580000,0x00000000d5f2f9f0,0x00000000d6e80000)
  from space 4096K, 99% used [0x00000000d6e80000,0x00000000d727f5f8,0x00000000d7280000)
  to   space 4096K, 0% used [0x00000000d7280000,0x00000000d7280000,0x00000000d7680000)
 ParOldGen       total 68608K, used 4330K [0x0000000080000000, 0x0000000084300000, 0x00000000d5580000)
  object space 68608K, 6% used [0x0000000080000000,0x000000008043a8b0,0x0000000084300000)
 Metaspace       used 9610K, committed 9920K, reserved 1114112K
  class space    used 1011K, committed 1152K, reserved 1048576K

Card table byte_map: [0x00000254c65c0000,0x00000254c69d0000] _byte_map_base: 0x00000254c61c0000

Marking Bits: (ParMarkBitMap*) 0x00007ffc1dfd4460
 Begin Bits: [0x00000254d90d0000, 0x00000254db0d0000)
 End Bits:   [0x00000254db0d0000, 0x00000254dd0d0000)

Polling page: 0x00000254c4b80000

Metaspace:

Usage:
  Non-class:      8.40 MB used.
      Class:   1011.38 KB used.
       Both:      9.39 MB used.

Virtual space:
  Non-class space:       64.00 MB reserved,       8.56 MB ( 13%) committed,  1 nodes.
      Class space:        1.00 GB reserved,       1.12 MB ( <1%) committed,  1 nodes.
             Both:        1.06 GB reserved,       9.69 MB ( <1%) committed. 

Chunk freelists:
   Non-Class:  6.64 MB
       Class:  14.79 MB
        Both:  21.43 MB

MaxMetaspaceSize: unlimited
CompressedClassSpaceSize: 1.00 GB
Initial GC threshold: 21.00 MB
Current GC threshold: 21.00 MB
CDS: on
 - commit_granule_bytes: 65536.
 - commit_granule_words: 8192.
 - virtual_space_node_default_size: 8388608.
 - enlarge_chunks_in_place: 1.
 - use_allocation_guard: 0.


Internal statistics:

num_allocs_failed_limit: 0.
num_arena_births: 256.
num_arena_deaths: 0.
num_vsnodes_births: 2.
num_vsnodes_deaths: 0.
num_space_committed: 155.
num_space_uncommitted: 0.
num_chunks_returned_to_freelist: 0.
num_chunks_taken_from_freelist: 513.
num_chunk_merges: 0.
num_chunk_splits: 325.
num_chunks_enlarged: 211.
num_inconsistent_stats: 0.

CodeHeap 'non-profiled nmethods': size=119168Kb used=1047Kb max_used=1047Kb free=118120Kb
 bounds [0x00000254d19c0000, 0x00000254d1c30000, 0x00000254d8e20000]
CodeHeap 'profiled nmethods': size=119104Kb used=4677Kb max_used=4677Kb free=114427Kb
 bounds [0x00000254c9e20000, 0x00000254ca2c0000, 0x00000254d1270000]
CodeHeap 'non-nmethods': size=7488Kb used=1230Kb max_used=2928Kb free=6257Kb
 bounds [0x00000254d1270000, 0x00000254d1550000, 0x00000254d19c0000]
CodeCache: size=245760Kb, used=6954Kb, max_used=8652Kb, free=238804Kb
 total_blobs=2910, nmethods=2416, adapters=400, full_count=0
Compilation: enabled, stopped_count=0, restarted_count=0

Compilation events (20 events):
Event: 6.925 Thread 0x00000254de9b7f60 2396       3       sun.nio.fs.WindowsPath::getPathForWin32Calls (6 bytes)
Event: 6.925 Thread 0x00000254de9b7f60 nmethod 2396 0x00000254ca2a8f10 code [0x00000254ca2a90c0, 0x00000254ca2a9200]
Event: 6.925 Thread 0x00000254de9b7f60 2397   !   3       sun.nio.fs.WindowsPath::getPathForWin32Calls (147 bytes)
Event: 6.926 Thread 0x00000254de9b7f60 nmethod 2397 0x00000254ca2a9290 code [0x00000254ca2a9540, 0x00000254ca2aa2f8]
Event: 6.926 Thread 0x00000254de9b7f60 2399       3       java.io.FileDescriptor::<init> (17 bytes)
Event: 6.926 Thread 0x00000254de9b7f60 nmethod 2399 0x00000254ca2aa710 code [0x00000254ca2aa8c0, 0x00000254ca2aaa38]
Event: 6.929 Thread 0x00000254de9b7f60 2400       1       org.eclipse.osgi.internal.framework.EquinoxConfiguration::inDevelopmentMode (5 bytes)
Event: 6.929 Thread 0x00000254de9b7f60 nmethod 2400 0x00000254d1ac3390 code [0x00000254d1ac3520, 0x00000254d1ac35f0]
Event: 6.930 Thread 0x00000254de9b7f60 2401       1       org.eclipse.osgi.internal.loader.EquinoxClassLoader::getConfiguration (5 bytes)
Event: 6.931 Thread 0x00000254de9b7f60 nmethod 2401 0x00000254d1ac3690 code [0x00000254d1ac3820, 0x00000254d1ac38e8]
Event: 6.933 Thread 0x00000254de9b7f60 2402       3       java.util.jar.Manifest$FastInputStream::fill (38 bytes)
Event: 6.933 Thread 0x00000254de9b7f60 nmethod 2402 0x00000254ca2aab10 code [0x00000254ca2aacc0, 0x00000254ca2aaef8]
Event: 6.934 Thread 0x00000254de9b7f60 2403       3       java.io.FileCleanable::register (49 bytes)
Event: 6.935 Thread 0x00000254de9b7f60 nmethod 2403 0x00000254ca2ab010 code [0x00000254ca2ab220, 0x00000254ca2aba00]
Event: 6.935 Thread 0x00000254de9b7f60 2408       3       jdk.internal.perf.PerfCounter::increment (6 bytes)
Event: 6.935 Thread 0x00000254de9b7f60 nmethod 2408 0x00000254ca2abd10 code [0x00000254ca2abec0, 0x00000254ca2ac010]
Event: 6.935 Thread 0x00000254de9b7f60 2404       3       java.io.FileDescriptor$1::get (5 bytes)
Event: 6.935 Thread 0x00000254de9b7f60 nmethod 2404 0x00000254ca2ac090 code [0x00000254ca2ac220, 0x00000254ca2ac338]
Event: 6.935 Thread 0x00000254de9b7f60 2405       3       java.io.FileDescriptor$1::getHandle (5 bytes)
Event: 8.948 Thread 0x00000254de9b7f60 nmethod 2405 0x00000254ca2ac410 code [0x00000254ca2ac5a0, 0x00000254ca2ac6b8]

GC Heap History (6 events):
Event: 2.227 GC heap before
{Heap before GC invocations=1 (full 0):
 PSYoungGen      total 29696K, used 25600K [0x00000000d5580000, 0x00000000d7680000, 0x0000000100000000)
  eden space 25600K, 100% used [0x00000000d5580000,0x00000000d6e80000,0x00000000d6e80000)
  from space 4096K, 0% used [0x00000000d7280000,0x00000000d7280000,0x00000000d7680000)
  to   space 4096K, 0% used [0x00000000d6e80000,0x00000000d6e80000,0x00000000d7280000)
 ParOldGen       total 68608K, used 0K [0x0000000080000000, 0x0000000084300000, 0x00000000d5580000)
  object space 68608K, 0% used [0x0000000080000000,0x0000000080000000,0x0000000084300000)
 Metaspace       used 4174K, committed 4416K, reserved 1114112K
  class space    used 454K, committed 576K, reserved 1048576K
}
Event: 2.237 GC heap after
{Heap after GC invocations=1 (full 0):
 PSYoungGen      total 29696K, used 3691K [0x00000000d5580000, 0x00000000d7680000, 0x0000000100000000)
  eden space 25600K, 0% used [0x00000000d5580000,0x00000000d5580000,0x00000000d6e80000)
  from space 4096K, 90% used [0x00000000d6e80000,0x00000000d721aff0,0x00000000d7280000)
  to   space 4096K, 0% used [0x00000000d7280000,0x00000000d7280000,0x00000000d7680000)
 ParOldGen       total 68608K, used 16K [0x0000000080000000, 0x0000000084300000, 0x00000000d5580000)
  object space 68608K, 0% used [0x0000000080000000,0x0000000080004000,0x0000000084300000)
 Metaspace       used 4174K, committed 4416K, reserved 1114112K
  class space    used 454K, committed 576K, reserved 1048576K
}
Event: 3.259 GC heap before
{Heap before GC invocations=2 (full 0):
 PSYoungGen      total 29696K, used 29291K [0x00000000d5580000, 0x00000000d7680000, 0x0000000100000000)
  eden space 25600K, 100% used [0x00000000d5580000,0x00000000d6e80000,0x00000000d6e80000)
  from space 4096K, 90% used [0x00000000d6e80000,0x00000000d721aff0,0x00000000d7280000)
  to   space 4096K, 0% used [0x00000000d7280000,0x00000000d7280000,0x00000000d7680000)
 ParOldGen       total 68608K, used 16K [0x0000000080000000, 0x0000000084300000, 0x00000000d5580000)
  object space 68608K, 0% used [0x0000000080000000,0x0000000080004000,0x0000000084300000)
 Metaspace       used 7836K, committed 8128K, reserved 1114112K
  class space    used 809K, committed 960K, reserved 1048576K
}
Event: 3.268 GC heap after
{Heap after GC invocations=2 (full 0):
 PSYoungGen      total 29696K, used 4086K [0x00000000d5580000, 0x00000000d7680000, 0x0000000100000000)
  eden space 25600K, 0% used [0x00000000d5580000,0x00000000d5580000,0x00000000d6e80000)
  from space 4096K, 99% used [0x00000000d7280000,0x00000000d767d810,0x00000000d7680000)
  to   space 4096K, 0% used [0x00000000d6e80000,0x00000000d6e80000,0x00000000d7280000)
 ParOldGen       total 68608K, used 1969K [0x0000000080000000, 0x0000000084300000, 0x00000000d5580000)
  object space 68608K, 2% used [0x0000000080000000,0x00000000801ec6a8,0x0000000084300000)
 Metaspace       used 7836K, committed 8128K, reserved 1114112K
  class space    used 809K, committed 960K, reserved 1048576K
}
Event: 5.771 GC heap before
{Heap before GC invocations=3 (full 0):
 PSYoungGen      total 29696K, used 29686K [0x00000000d5580000, 0x00000000d7680000, 0x0000000100000000)
  eden space 25600K, 100% used [0x00000000d5580000,0x00000000d6e80000,0x00000000d6e80000)
  from space 4096K, 99% used [0x00000000d7280000,0x00000000d767d810,0x00000000d7680000)
  to   space 4096K, 0% used [0x00000000d6e80000,0x00000000d6e80000,0x00000000d7280000)
 ParOldGen       total 68608K, used 1969K [0x0000000080000000, 0x0000000084300000, 0x00000000d5580000)
  object space 68608K, 2% used [0x0000000080000000,0x00000000801ec6a8,0x0000000084300000)
 Metaspace       used 9502K, committed 9856K, reserved 1114112K
  class space    used 1010K, committed 1152K, reserved 1048576K
}
Event: 5.776 GC heap after
{Heap after GC invocations=3 (full 0):
 PSYoungGen      total 29696K, used 4093K [0x00000000d5580000, 0x00000000d7680000, 0x0000000100000000)
  eden space 25600K, 0% used [0x00000000d5580000,0x00000000d5580000,0x00000000d6e80000)
  from space 4096K, 99% used [0x00000000d6e80000,0x00000000d727f5f8,0x00000000d7280000)
  to   space 4096K, 0% used [0x00000000d7280000,0x00000000d7280000,0x00000000d7680000)
 ParOldGen       total 68608K, used 4330K [0x0000000080000000, 0x0000000084300000, 0x00000000d5580000)
  object space 68608K, 6% used [0x0000000080000000,0x000000008043a8b0,0x0000000084300000)
 Metaspace       used 9502K, committed 9856K, reserved 1114112K
  class space    used 1010K, committed 1152K, reserved 1048576K
}

Dll operation events (9 events):
Event: 0.018 Loaded shared library c:\Users\NOE\.vscode\extensions\redhat.java-1.55.0-win32-x64\jre\21.0.11-win32-x86_64\bin\java.dll
Event: 1.317 Loaded shared library c:\Users\NOE\.vscode\extensions\redhat.java-1.55.0-win32-x64\jre\21.0.11-win32-x86_64\bin\zip.dll
Event: 1.362 Loaded shared library C:\Users\NOE\.vscode\extensions\redhat.java-1.55.0-win32-x64\jre\21.0.11-win32-x86_64\bin\instrument.dll
Event: 1.383 Loaded shared library C:\Users\NOE\.vscode\extensions\redhat.java-1.55.0-win32-x64\jre\21.0.11-win32-x86_64\bin\net.dll
Event: 1.389 Loaded shared library C:\Users\NOE\.vscode\extensions\redhat.java-1.55.0-win32-x64\jre\21.0.11-win32-x86_64\bin\nio.dll
Event: 1.399 Loaded shared library C:\Users\NOE\.vscode\extensions\redhat.java-1.55.0-win32-x64\jre\21.0.11-win32-x86_64\bin\zip.dll
Event: 1.445 Loaded shared library C:\Users\NOE\.vscode\extensions\redhat.java-1.55.0-win32-x64\jre\21.0.11-win32-x86_64\bin\jimage.dll
Event: 1.597 Loaded shared library c:\Users\NOE\.vscode\extensions\redhat.java-1.55.0-win32-x64\jre\21.0.11-win32-x86_64\bin\verify.dll
Event: 3.449 Loaded shared library C:\Users\NOE\AppData\Roaming\Code\User\globalStorage\redhat.java\1.55.0\config_win\org.eclipse.equinox.launcher\org.eclipse.equinox.launcher.win32.win32.x86_64_1.3.100.v20260613-0559\eclipse_11924.dll

Deoptimization events (20 events):
Event: 6.871 Thread 0x00000254e03a6c10 Uncommon trap: trap_request=0xffffff45 fr.pc=0x00000254d19fea0c relative=0x000000000000052c
Event: 6.871 Thread 0x00000254e03a6c10 Uncommon trap: reason=unstable_if action=reinterpret pc=0x00000254d19fea0c method=java.lang.String.substring(II)Ljava/lang/String; @ 31 c2
Event: 6.872 Thread 0x00000254e03a6c10 DEOPT PACKING pc=0x00000254d19fea0c sp=0x000000a370dfdd30
Event: 6.872 Thread 0x00000254e03a6c10 DEOPT UNPACKING pc=0x00000254d12c3aa2 sp=0x000000a370dfdd00 mode 2
Event: 6.872 Thread 0x00000254e03a6c10 Uncommon trap: trap_request=0xffffff45 fr.pc=0x00000254d19e828c relative=0x000000000000006c
Event: 6.872 Thread 0x00000254e03a6c10 Uncommon trap: reason=unstable_if action=reinterpret pc=0x00000254d19e828c method=java.lang.String.isLatin1()Z @ 10 c2
Event: 6.872 Thread 0x00000254e03a6c10 DEOPT PACKING pc=0x00000254d19e828c sp=0x000000a370dfdca0
Event: 6.872 Thread 0x00000254e03a6c10 DEOPT UNPACKING pc=0x00000254d12c3aa2 sp=0x000000a370dfdc30 mode 2
Event: 6.906 Thread 0x00000254e03a6c10 Uncommon trap: trap_request=0xffffff45 fr.pc=0x00000254d19d7b20 relative=0x0000000000000100
Event: 6.906 Thread 0x00000254e03a6c10 Uncommon trap: reason=unstable_if action=reinterpret pc=0x00000254d19d7b20 method=java.lang.StringCoding.countPositives([BII)I @ 17 c2
Event: 6.906 Thread 0x00000254e03a6c10 DEOPT PACKING pc=0x00000254d19d7b20 sp=0x000000a370dfd120
Event: 6.906 Thread 0x00000254e03a6c10 DEOPT UNPACKING pc=0x00000254d12c3aa2 sp=0x000000a370dfd0a8 mode 2
Event: 6.911 Thread 0x00000254e03a6c10 DEOPT PACKING pc=0x00000254ca29bac9 sp=0x000000a370dfd130
Event: 6.911 Thread 0x00000254e03a6c10 DEOPT UNPACKING pc=0x00000254d12c4242 sp=0x000000a370dfc5a0 mode 0
Event: 6.917 Thread 0x00000254e03a6c10 DEOPT PACKING pc=0x00000254ca29bac9 sp=0x000000a370dfd130
Event: 6.917 Thread 0x00000254e03a6c10 DEOPT UNPACKING pc=0x00000254d12c4242 sp=0x000000a370dfc5a0 mode 0
Event: 6.923 Thread 0x00000254e03a6c10 DEOPT PACKING pc=0x00000254ca29bac9 sp=0x000000a370dfd3f0
Event: 6.923 Thread 0x00000254e03a6c10 DEOPT UNPACKING pc=0x00000254d12c4242 sp=0x000000a370dfc860 mode 0
Event: 6.933 Thread 0x00000254e03a6c10 DEOPT PACKING pc=0x00000254ca29bac9 sp=0x000000a370dfd130
Event: 6.933 Thread 0x00000254e03a6c10 DEOPT UNPACKING pc=0x00000254d12c4242 sp=0x000000a370dfc5a0 mode 0

Classes loaded (20 events):
Event: 4.639 Loading class sun/util/logging/resources/logging_en_ID
Event: 4.639 Loading class sun/util/logging/resources/logging_en_ID done
Event: 4.641 Loading class java/util/Formatter$DateTime
Event: 4.641 Loading class java/util/Formatter$DateTime done
Event: 4.641 Loading class java/util/Formatter$FixedString
Event: 4.641 Loading class java/util/Formatter$FixedString done
Event: 4.642 Loading class java/time/ZonedDateTime$1
Event: 4.642 Loading class java/time/ZonedDateTime$1 done
Event: 4.646 Loading class jdk/internal/module/ModulePatcher$PatchedModuleReader
Event: 4.646 Loading class jdk/internal/module/ModulePatcher$PatchedModuleReader done
Event: 4.650 Loading class sun/util/locale/provider/BaseLocaleDataMetaInfo
Event: 4.651 Loading class sun/util/locale/provider/BaseLocaleDataMetaInfo done
Event: 4.653 Loading class sun/util/resources/LocaleData$CommonResourceBundleProvider
Event: 4.653 Loading class sun/util/resources/LocaleData$LocaleDataResourceBundleProvider
Event: 4.653 Loading class java/util/spi/ResourceBundleProvider
Event: 4.653 Loading class java/util/spi/ResourceBundleProvider done
Event: 4.653 Loading class sun/util/resources/LocaleData$LocaleDataResourceBundleProvider done
Event: 4.653 Loading class sun/util/resources/LocaleData$CommonResourceBundleProvider done
Event: 4.654 Loading class sun/text/resources/cldr/FormatData_en
Event: 4.654 Loading class sun/text/resources/cldr/FormatData_en done

Classes unloaded (0 events):
No events

Classes redefined (0 events):
No events

Internal exceptions (20 events):
Event: 2.353 Thread 0x00000254c6c1f5f0 Implicit null exception at 0x00000254d1a1b849 to 0x00000254d1a1c1b4
Event: 2.353 Thread 0x00000254c6c1f5f0 Implicit null exception at 0x00000254d1a2b99a to 0x00000254d1a2bba0
Event: 2.354 Thread 0x00000254c6c1f5f0 Exception <a 'java/lang/NoSuchMethodError'{0x00000000d58b3720}: 'void java.lang.invoke.DirectMethodHandle$Holder.invokeStatic(java.lang.Object, java.lang.Object, java.lang.Object, java.lang.Object)'> (0x00000000d58b3720) 
thrown [s\src\hotspot\share\interpreter\linkResolver.cpp, line 773]
Event: 2.358 Thread 0x00000254c6c1f5f0 Implicit null exception at 0x00000254d1a22f1a to 0x00000254d1a23124
Event: 2.358 Thread 0x00000254c6c1f5f0 Implicit null exception at 0x00000254d1a1f5bd to 0x00000254d1a1f641
Event: 2.569 Thread 0x00000254c6c1f5f0 Exception <a 'java/lang/NoSuchMethodError'{0x00000000d5c1f488}: 'void java.lang.invoke.DirectMethodHandle$Holder.invokeSpecial(java.lang.Object, java.lang.Object, java.lang.Object)'> (0x00000000d5c1f488) 
thrown [s\src\hotspot\share\interpreter\linkResolver.cpp, line 773]
Event: 2.905 Thread 0x00000254c6c1f5f0 Exception <a 'java/lang/NoSuchMethodError'{0x00000000d66a4258}: 'int java.lang.invoke.DirectMethodHandle$Holder.invokeVirtual(java.lang.Object, java.lang.Object)'> (0x00000000d66a4258) 
thrown [s\src\hotspot\share\interpreter\linkResolver.cpp, line 773]
Event: 3.037 Thread 0x00000254c6c1f5f0 Exception <a 'java/lang/NoSuchMethodError'{0x00000000d681ce78}: 'int java.lang.invoke.DirectMethodHandle$Holder.invokeStaticInit(java.lang.Object, java.lang.Object, java.lang.Object, java.lang.Object)'> (0x00000000d681ce78) 
thrown [s\src\hotspot\share\interpreter\linkResolver.cpp, line 773]
Event: 3.038 Thread 0x00000254c6c1f5f0 Exception <a 'java/lang/IncompatibleClassChangeError'{0x00000000d6825560}: Found class java.lang.Object, but interface was expected> (0x00000000d6825560) 
thrown [s\src\hotspot\share\interpreter\linkResolver.cpp, line 840]
Event: 3.039 Thread 0x00000254c6c1f5f0 Exception <a 'java/lang/NoSuchMethodError'{0x00000000d682bb10}: 'void java.lang.invoke.DirectMethodHandle$Holder.invokeStaticInit(java.lang.Object, java.lang.Object)'> (0x00000000d682bb10) 
thrown [s\src\hotspot\share\interpreter\linkResolver.cpp, line 773]
Event: 3.041 Thread 0x00000254c6c1f5f0 Exception <a 'java/lang/NoSuchMethodError'{0x00000000d6834ce8}: 'int java.lang.invoke.DirectMethodHandle$Holder.invokeStaticInit(java.lang.Object, java.lang.Object)'> (0x00000000d6834ce8) 
thrown [s\src\hotspot\share\interpreter\linkResolver.cpp, line 773]
Event: 3.120 Thread 0x00000254c6c1f5f0 Exception <a 'java/lang/NoSuchMethodError'{0x00000000d6a8b8e0}: 'java.lang.Object java.lang.invoke.DirectMethodHandle$Holder.newInvokeSpecial(java.lang.Object, int, java.lang.Object)'> (0x00000000d6a8b8e0) 
thrown [s\src\hotspot\share\interpreter\linkResolver.cpp, line 773]
Event: 3.184 Thread 0x00000254c6c1f5f0 Exception <a 'java/lang/ClassNotFoundException'{0x00000000d6cb3398}: sun/net/www/protocol/plurl/Handler> (0x00000000d6cb3398) 
thrown [s\src\hotspot\share\classfile\systemDictionary.cpp, line 313]
Event: 3.184 Thread 0x00000254c6c1f5f0 Exception <a 'java/lang/ClassNotFoundException'{0x00000000d6cb4218}: sun/net/www/protocol/plurl/Handler> (0x00000000d6cb4218) 
thrown [s\src\hotspot\share\classfile\systemDictionary.cpp, line 313]
Event: 3.439 Thread 0x00000254c6c1f5f0 Exception <a 'java/lang/UnsatisfiedLinkError'{0x00000000d58ae898}: 'void org.eclipse.equinox.launcher.JNIBridge._update_splash()'> (0x00000000d58ae898) 
thrown [s\src\hotspot\share\prims\nativeLookup.cpp, line 415]
Event: 3.483 Thread 0x00000254e53e4f80 Exception <a 'java/lang/NoSuchMethodError'{0x00000000d5b2ee00}: 'void java.lang.invoke.DirectMethodHandle$Holder.invokeInterface(java.lang.Object, java.lang.Object, java.lang.Object)'> (0x00000000d5b2ee00) 
thrown [s\src\hotspot\share\interpreter\linkResolver.cpp, line 773]
Event: 3.582 Thread 0x00000254e03a6c10 Exception <a 'java/lang/NoSuchMethodError'{0x00000000d5edb760}: 'java.lang.Object java.lang.invoke.DirectMethodHandle$Holder.newInvokeSpecial(java.lang.Object, java.lang.Object, int, java.lang.Object)'> (0x00000000d5edb760) 
thrown [s\src\hotspot\share\interpreter\linkResolver.cpp, line 773]
Event: 3.582 Thread 0x00000254e03a6c10 Exception <a 'java/lang/NoSuchMethodError'{0x00000000d5edf590}: 'java.lang.Object java.lang.invoke.DirectMethodHandle$Holder.invokeSpecial(java.lang.Object, java.lang.Object, java.lang.Object, int, java.lang.Object)'> (0x00000000d5edf590) 
thrown [s\src\hotspot\share\interpreter\linkResolver.cpp, line 773]
Event: 4.617 Thread 0x00000254e03a6c10 Exception <a 'java/lang/NoClassDefFoundError'{0x00000000d5f87028}: jakarta/servlet/ServletContainerInitializer> (0x00000000d5f87028) 
thrown [s\src\hotspot\share\classfile\systemDictionary.cpp, line 302]
Event: 4.638 Thread 0x00000254e03a6c10 Exception <a 'java/lang/ClassNotFoundException'{0x00000000d61166b0}: sun/util/logging/resources/spi/loggingProvider> (0x00000000d61166b0) 
thrown [s\src\hotspot\share\classfile\systemDictionary.cpp, line 313]

ZGC Phase Switch (0 events):
No events

VM Operations (20 events):
Event: 3.174 Executing non-safepoint VM operation: HandshakeAllThreads (Deoptimize) done
Event: 3.244 Executing safepoint VM operation: ICBufferFull
Event: 3.244 Executing safepoint VM operation: ICBufferFull done
Event: 3.259 Executing safepoint VM operation: ParallelGCFailedAllocation (Allocation Failure)
Event: 3.268 Executing safepoint VM operation: ParallelGCFailedAllocation (Allocation Failure) done
Event: 4.283 Executing safepoint VM operation: Cleanup
Event: 4.283 Executing safepoint VM operation: Cleanup done
Event: 4.627 Executing non-safepoint VM operation: HandshakeAllThreads (Deoptimize)
Event: 4.627 Executing non-safepoint VM operation: HandshakeAllThreads (Deoptimize) done
Event: 4.647 Executing non-safepoint VM operation: HandshakeAllThreads (Deoptimize)
Event: 4.647 Executing non-safepoint VM operation: HandshakeAllThreads (Deoptimize) done
Event: 4.657 Executing non-safepoint VM operation: HandshakeAllThreads (Deoptimize)
Event: 4.657 Executing non-safepoint VM operation: HandshakeAllThreads (Deoptimize) done
Event: 4.671 Executing non-safepoint VM operation: HandshakeAllThreads (Deoptimize)
Event: 4.671 Executing non-safepoint VM operation: HandshakeAllThreads (Deoptimize) done
Event: 5.663 Executing safepoint VM operation: Cleanup
Event: 5.663 Executing safepoint VM operation: Cleanup done
Event: 5.771 Executing safepoint VM operation: ParallelGCFailedAllocation (Allocation Failure)
Event: 5.776 Executing safepoint VM operation: ParallelGCFailedAllocation (Allocation Failure) done
Event: 7.774 Executing safepoint VM operation: Cleanup

Memory protections (0 events):
No events

Nmethod flushes (0 events):
No events

Events (20 events):
Event: 1.254 Thread 0x00000254c6c1f5f0 Thread added: 0x00000254c6cd0090
Event: 1.254 Thread 0x00000254c6c1f5f0 Thread added: 0x00000254c6cd0e20
Event: 1.255 Thread 0x00000254c6c1f5f0 Thread added: 0x00000254de9b7f60
Event: 1.314 Thread 0x00000254de9b7f60 Thread added: 0x00000254dea7ab70
Event: 1.329 Thread 0x00000254c6cd0e20 Thread added: 0x00000254deadecc0
Event: 1.370 Thread 0x00000254c6c1f5f0 Thread added: 0x00000254dec50330
Event: 1.462 Thread 0x00000254dea7ab70 Thread added: 0x00000254dec3f2f0
Event: 1.462 Thread 0x00000254dea7ab70 Thread added: 0x00000254dec77ea0
Event: 1.757 Thread 0x00000254c6c1f5f0 Thread added: 0x00000254e02c0ea0
Event: 2.402 Thread 0x00000254deadecc0 Thread exited: 0x00000254deadecc0
Event: 3.063 Thread 0x00000254c6c1f5f0 Thread added: 0x00000254e5194340
Event: 3.436 Thread 0x00000254c6c1f5f0 Thread added: 0x00000254e53e4f80
Event: 3.488 Thread 0x00000254e53e4f80 Thread added: 0x00000254e03a5860
Event: 3.495 Thread 0x00000254c6c1f5f0 Thread added: 0x00000254e03a6c10
Event: 4.616 Thread 0x00000254dec77ea0 Thread exited: 0x00000254dec77ea0
Event: 4.676 Thread 0x00000254c6cd0e20 Thread added: 0x00000254e533d800
Event: 4.677 Thread 0x00000254c6cd0e20 Thread added: 0x00000254e53479e0
Event: 6.842 Thread 0x00000254dec3f2f0 Thread exited: 0x00000254dec3f2f0
Event: 6.842 Thread 0x00000254dea7ab70 Thread exited: 0x00000254dea7ab70
Event: 6.877 Thread 0x00000254e03a6c10 Thread added: 0x00000254e03a6580


Dynamic libraries:
0x00007ff78df40000 - 0x00007ff78df4e000 	c:\Users\NOE\.vscode\extensions\redhat.java-1.55.0-win32-x64\jre\21.0.11-win32-x86_64\bin\java.exe
0x00007ffd28c40000 - 0x00007ffd28ea6000 	C:\WINDOWS\SYSTEM32\ntdll.dll
0x00007ffd27fe0000 - 0x00007ffd280a9000 	C:\WINDOWS\System32\KERNEL32.DLL
0x00007ffd26560000 - 0x00007ffd26960000 	C:\WINDOWS\System32\KERNELBASE.dll
0x00007ffd26400000 - 0x00007ffd2654c000 	C:\WINDOWS\System32\ucrtbase.dll
0x00007ffce2a30000 - 0x00007ffce2a48000 	c:\Users\NOE\.vscode\extensions\redhat.java-1.55.0-win32-x64\jre\21.0.11-win32-x86_64\bin\jli.dll
0x00007ffcb3570000 - 0x00007ffcb358e000 	c:\Users\NOE\.vscode\extensions\redhat.java-1.55.0-win32-x64\jre\21.0.11-win32-x86_64\bin\VCRUNTIME140.dll
0x00007ffd27db0000 - 0x00007ffd27f77000 	C:\WINDOWS\System32\USER32.dll
0x00007ffd25f10000 - 0x00007ffd25f37000 	C:\WINDOWS\System32\win32u.dll
0x00007ffd14580000 - 0x00007ffd14812000 	C:\WINDOWS\WinSxS\amd64_microsoft.windows.common-controls_6595b64144ccf1df_6.0.26100.8737_none_3e092eaee333b772\COMCTL32.dll
0x00007ffd280b0000 - 0x00007ffd280db000 	C:\WINDOWS\System32\GDI32.dll
0x00007ffd28a40000 - 0x00007ffd28ae9000 	C:\WINDOWS\System32\msvcrt.dll
0x00007ffd26000000 - 0x00007ffd26129000 	C:\WINDOWS\System32\gdi32full.dll
0x00007ffd25e60000 - 0x00007ffd25f03000 	C:\WINDOWS\System32\msvcp_win.dll
0x00007ffd272e0000 - 0x00007ffd27312000 	C:\WINDOWS\System32\IMM32.DLL
0x00007ffd21aa0000 - 0x00007ffd21aac000 	c:\Users\NOE\.vscode\extensions\redhat.java-1.55.0-win32-x64\jre\21.0.11-win32-x86_64\bin\vcruntime140_1.dll
0x00007ffcaac00000 - 0x00007ffcaac8d000 	c:\Users\NOE\.vscode\extensions\redhat.java-1.55.0-win32-x64\jre\21.0.11-win32-x86_64\bin\msvcp140.dll
0x00007ffc1d310000 - 0x00007ffc1e0b2000 	c:\Users\NOE\.vscode\extensions\redhat.java-1.55.0-win32-x64\jre\21.0.11-win32-x86_64\bin\server\jvm.dll
0x00007ffd26b00000 - 0x00007ffd26bb7000 	C:\WINDOWS\System32\ADVAPI32.dll
0x00007ffd26da0000 - 0x00007ffd26e4a000 	C:\WINDOWS\System32\sechost.dll
0x00007ffd280e0000 - 0x00007ffd281f8000 	C:\WINDOWS\System32\RPCRT4.dll
0x00007ffd26970000 - 0x00007ffd269f0000 	C:\WINDOWS\System32\WS2_32.dll
0x00007ffd25a30000 - 0x00007ffd25a8e000 	C:\WINDOWS\SYSTEM32\POWRPROF.dll
0x00007ffd1ecb0000 - 0x00007ffd1ecbb000 	C:\WINDOWS\SYSTEM32\VERSION.dll
0x00007ffd19cf0000 - 0x00007ffd19d26000 	C:\WINDOWS\SYSTEM32\WINMM.dll
0x00007ffd25840000 - 0x00007ffd25854000 	C:\WINDOWS\SYSTEM32\UMPDC.dll
0x00007ffd24b20000 - 0x00007ffd24b3b000 	C:\WINDOWS\SYSTEM32\kernel.appcore.dll
0x00007ffd12890000 - 0x00007ffd1289a000 	c:\Users\NOE\.vscode\extensions\redhat.java-1.55.0-win32-x64\jre\21.0.11-win32-x86_64\bin\jimage.dll
0x00007ffd23430000 - 0x00007ffd23672000 	C:\WINDOWS\SYSTEM32\DBGHELP.DLL
0x00007ffd28370000 - 0x00007ffd286f3000 	C:\WINDOWS\System32\combase.dll
0x00007ffd28700000 - 0x00007ffd287d9000 	C:\WINDOWS\System32\OLEAUT32.dll
0x00007ffd105d0000 - 0x00007ffd1060b000 	C:\WINDOWS\SYSTEM32\dbgcore.DLL
0x00007ffd25f40000 - 0x00007ffd25fec000 	C:\WINDOWS\System32\bcryptPrimitives.dll
0x00007ffce3a10000 - 0x00007ffce3a1f000 	c:\Users\NOE\.vscode\extensions\redhat.java-1.55.0-win32-x64\jre\21.0.11-win32-x86_64\bin\instrument.dll
0x00007ffcb1b80000 - 0x00007ffcb1ba0000 	c:\Users\NOE\.vscode\extensions\redhat.java-1.55.0-win32-x64\jre\21.0.11-win32-x86_64\bin\java.dll
0x00007ffd27610000 - 0x00007ffd27da2000 	C:\WINDOWS\System32\SHELL32.dll
0x00007ffd238e0000 - 0x00007ffd24172000 	C:\WINDOWS\SYSTEM32\windows.storage.dll
0x00007ffd26c10000 - 0x00007ffd26d07000 	C:\WINDOWS\System32\SHCORE.dll
0x00007ffd26d20000 - 0x00007ffd26d87000 	C:\WINDOWS\System32\shlwapi.dll
0x00007ffd25d80000 - 0x00007ffd25da9000 	C:\WINDOWS\SYSTEM32\profapi.dll
0x00007ffcaf5e0000 - 0x00007ffcaf5f8000 	c:\Users\NOE\.vscode\extensions\redhat.java-1.55.0-win32-x64\jre\21.0.11-win32-x86_64\bin\zip.dll
0x00007ffd12310000 - 0x00007ffd12320000 	C:\Users\NOE\.vscode\extensions\redhat.java-1.55.0-win32-x64\jre\21.0.11-win32-x86_64\bin\net.dll
0x00007ffd1e5d0000 - 0x00007ffd1e6f9000 	C:\WINDOWS\SYSTEM32\WINHTTP.dll
0x00007ffd250f0000 - 0x00007ffd2515c000 	C:\WINDOWS\system32\mswsock.dll
0x00007ffcade80000 - 0x00007ffcade96000 	C:\Users\NOE\.vscode\extensions\redhat.java-1.55.0-win32-x64\jre\21.0.11-win32-x86_64\bin\nio.dll
0x00007ffce28c0000 - 0x00007ffce28d0000 	c:\Users\NOE\.vscode\extensions\redhat.java-1.55.0-win32-x64\jre\21.0.11-win32-x86_64\bin\verify.dll
0x00007ffcb3590000 - 0x00007ffcb35d5000 	C:\Users\NOE\AppData\Roaming\Code\User\globalStorage\redhat.java\1.55.0\config_win\org.eclipse.equinox.launcher\org.eclipse.equinox.launcher.win32.win32.x86_64_1.3.100.v20260613-0559\eclipse_11924.dll
0x00007ffd28800000 - 0x00007ffd28999000 	C:\WINDOWS\System32\ole32.dll

JVMTI agents:
c:\Users\NOE\.vscode\extensions\redhat.java-1.55.0-win32-x64\lombok\lombok-1.18.39-4050.jar path:c:\Users\NOE\.vscode\extensions\redhat.java-1.55.0-win32-x64\jre\21.0.11-win32-x86_64\bin\instrument.dll, loaded, initialized, instrumentlib options:none

dbghelp: loaded successfully - version: 4.0.5 - missing functions: none
symbol engine: initialized successfully - sym options: 0x614 - pdb path: .;c:\Users\NOE\.vscode\extensions\redhat.java-1.55.0-win32-x64\jre\21.0.11-win32-x86_64\bin;C:\WINDOWS\SYSTEM32;C:\WINDOWS\WinSxS\amd64_microsoft.windows.common-controls_6595b64144ccf1df_6.0.26100.8737_none_3e092eaee333b772;c:\Users\NOE\.vscode\extensions\redhat.java-1.55.0-win32-x64\jre\21.0.11-win32-x86_64\bin\server;C:\Users\NOE\AppData\Roaming\Code\User\globalStorage\redhat.java\1.55.0\config_win\org.eclipse.equinox.launcher\org.eclipse.equinox.launcher.win32.win32.x86_64_1.3.100.v20260613-0559

VM Arguments:
jvm_args: --add-modules=ALL-SYSTEM --add-opens=java.base/java.util=ALL-UNNAMED --add-opens=java.base/java.lang=ALL-UNNAMED --add-opens=java.base/sun.nio.fs=ALL-UNNAMED -Declipse.application=org.eclipse.jdt.ls.core.id1 -Dosgi.bundles.defaultStartLevel=4 -Declipse.product=org.eclipse.jdt.ls.core.product -Djava.import.generatesMetadataFilesAtProjectRoot=false -DDetectVMInstallationsJob.disabled=true -Dfile.encoding=utf8 -XX:+UseParallelGC -XX:GCTimeRatio=4 -XX:AdaptiveSizePolicyWeight=90 -Dsun.zip.disableMemoryMapping=true -Xmx2G -Xms100m -Xlog:disable -javaagent:c:\Users\NOE\.vscode\extensions\redhat.java-1.55.0-win32-x64\lombok\lombok-1.18.39-4050.jar -XX:+HeapDumpOnOutOfMemoryError -XX:HeapDumpPath=c:\Users\NOE\AppData\Roaming\Code\User\workspaceStorage\a93dea7a70cf609bd9422a23e89fab1c\redhat.java -Daether.dependencyCollector.impl=bf 
java_command: c:\Users\NOE\.vscode\extensions\redhat.java-1.55.0-win32-x64\server\plugins\org.eclipse.equinox.launcher_1.7.200.v20260619-2039.jar -configuration c:\Users\NOE\AppData\Roaming\Code\User\globalStorage\redhat.java\1.55.0\config_win -data c:\Users\NOE\AppData\Roaming\Code\User\workspaceStorage\a93dea7a70cf609bd9422a23e89fab1c\redhat.java\jdt_ws --pipe=\\.\pipe\lsp-bf101d2c7030f2c6afbf16ef4cc93c6c-sock
java_class_path (initial): c:\Users\NOE\.vscode\extensions\redhat.java-1.55.0-win32-x64\server\plugins\org.eclipse.equinox.launcher_1.7.200.v20260619-2039.jar
Launcher Type: SUN_STANDARD

[Global flags]
    uintx AdaptiveSizePolicyWeight                 = 90                                        {product} {command line}
     intx CICompilerCount                          = 12                                        {product} {ergonomic}
    uintx GCTimeRatio                              = 4                                         {product} {command line}
     bool HeapDumpOnOutOfMemoryError               = true                                   {manageable} {command line}
    ccstr HeapDumpPath                             = c:\Users\NOE\AppData\Roaming\Code\User\workspaceStorage\a93dea7a70cf609bd9422a23e89fab1c\redhat.java         {manageable} {command line}
   size_t InitialHeapSize                          = 104857600                                 {product} {command line}
   size_t MaxHeapSize                              = 2147483648                                {product} {command line}
   size_t MaxNewSize                               = 715653120                                 {product} {ergonomic}
   size_t MinHeapDeltaBytes                        = 524288                                    {product} {ergonomic}
   size_t MinHeapSize                              = 104857600                                 {product} {command line}
   size_t NewSize                                  = 34603008                                  {product} {ergonomic}
    uintx NonNMethodCodeHeapSize                   = 7602480                                {pd product} {ergonomic}
    uintx NonProfiledCodeHeapSize                  = 122027880                              {pd product} {ergonomic}
   size_t OldSize                                  = 70254592                                  {product} {ergonomic}
    uintx ProfiledCodeHeapSize                     = 122027880                              {pd product} {ergonomic}
    uintx ReservedCodeCacheSize                    = 251658240                              {pd product} {ergonomic}
     bool SegmentedCodeCache                       = true                                      {product} {ergonomic}
   size_t SoftMaxHeapSize                          = 2147483648                             {manageable} {ergonomic}
     bool UseCompressedOops                        = true                           {product lp64_product} {ergonomic}
     bool UseLargePagesIndividualAllocation        = false                                  {pd product} {ergonomic}
     bool UseParallelGC                            = true                                      {product} {command line}

Logging:
Log output configuration:
 #0: stdout all=off uptime,level,tags foldmultilines=false
 #1: stderr all=off uptime,level,tags foldmultilines=false

Release file:
JAVA_VERSION="21.0.11" 
MODULES="java.base java.compiler java.datatransfer java.xml java.prefs java.desktop java.instrument java.logging java.management java.security.sasl java.naming java.rmi java.management.rmi java.net.http java.scripting java.security.jgss java.transaction.xa java.sql java.sql.rowset java.xml.crypto java.se java.smartcardio jdk.accessibility jdk.internal.jvmstat jdk.attach jdk.charsets jdk.internal.opt jdk.zipfs jdk.compiler jdk.crypto.ec jdk.crypto.cryptoki jdk.crypto.mscapi jdk.dynalink jdk.internal.ed jdk.editpad jdk.hotspot.agent jdk.httpserver jdk.internal.le jdk.internal.vm.ci jdk.internal.vm.compiler jdk.internal.vm.compiler.management jdk.jartool jdk.javadoc jdk.jcmd jdk.management jdk.management.agent jdk.jconsole jdk.jdeps jdk.jdwp.agent jdk.jdi jdk.jfr jdk.jshell jdk.jsobject jdk.jstatd jdk.localedata jdk.management.jfr jdk.naming.dns jdk.naming.rmi jdk.net jdk.nio.mapmode jdk.random jdk.sctp jdk.security.auth jdk.security.jgss jdk.unsupported jdk.unsupported.desktop jdk.xml.dom" 

Environment Variables:
JAVA_HOME=E:\jdk-21_windows-x64_bin\jdk-21
PATH=C:\Program Files\Eclipse Adoptium\jdk-17.0.17.10-hotspot\bin;C:\Program Files\Eclipse Adoptium\jdk-25.0.1.8-hotspot\bin;C:\Program Files\Python311\Scripts\;C:\Program Files\Python311\;C:\Windows\system32;C:\Windows;C:\Windows\System32\Wbem;C:\Windows\System32\WindowsPowerShell\v1.0\;C:\Windows\System32\OpenSSH\;C:\Program Files (x86)\NVIDIA Corporation\PhysX\Common;C:\Program Files\NVIDIA Corporation\NVIDIA NvDLISR;C:\Program Files\Go\bin;C:\Program Files\nodejs\;C:\Program Files\dotnet\;C:\Program Files\Git\cmd;E:\apache-maven-3.9.9-bin\apache-maven-3.9.9\bin;E:\jdk-21_windows-x64_bin\jdk-21\bin;C:\WINDOWS\system32;C:\WINDOWS;C:\WINDOWS\System32\Wbem;C:\WINDOWS\System32\WindowsPowerShell\v1.0\;C:\WINDOWS\System32\OpenSSH\;C:\Program Files\Docker\Docker\resources\bin;C:\flutter\bin;C:\Users\NOE\AppData\Local\Microsoft\WindowsApps;C:\Users\NOE\AppData\Local\Programs\Microsoft VS Code\bin;C:\Users\NOE\go\bin;C:\Users\NOE\AppData\Roaming\npm;C:\Users\NOE\AppData\Local\GitHubDesktop\bin;C:\Users\NOE\AppData\Local\ComposerSetup\bin;C:\Users\NOE\AppData\Roaming\Composer\vendor\bin;C:\Users\NOE\AppData\Local\Programs\Antigravity IDE\bin;E:\PHP;
USERNAME=NOE
OS=Windows_NT
PROCESSOR_IDENTIFIER=Intel64 Family 6 Model 154 Stepping 3, GenuineIntel
TMP=C:\Users\NOE\AppData\Local\Temp
TEMP=C:\Users\NOE\AppData\Local\Temp




Periodic native trim disabled

---------------  S Y S T E M  ---------------

OS:
 Windows 11 , 64 bit Build 26100 (10.0.26100.8737)
OS uptime: 1 days 3:08 hours
Hyper-V role detected

CPU: total 16 (initial active 16) (8 cores per cpu, 2 threads per core) family 6 model 154 stepping 3 microcode 0x423, cx8, cmov, fxsr, ht, mmx, 3dnowpref, sse, sse2, sse3, ssse3, sse4.1, sse4.2, popcnt, lzcnt, tsc, tscinvbit, avx, avx2, aes, erms, clmul, bmi1, bmi2, adx, sha, fma, vzeroupper, clflush, clflushopt, clwb, hv, serialize, rdtscp, rdpid, fsrm, f16c, cet_ibt, cet_ss
Processor Information for processor 0
  Max Mhz: 3100, Current Mhz: 3100, Mhz Limit: 3100
Processor Information for processor 1
  Max Mhz: 3100, Current Mhz: 3100, Mhz Limit: 3100
Processor Information for processor 2
  Max Mhz: 3100, Current Mhz: 3100, Mhz Limit: 3100
Processor Information for processor 3
  Max Mhz: 3100, Current Mhz: 3100, Mhz Limit: 3100
Processor Information for processor 4
  Max Mhz: 3100, Current Mhz: 3100, Mhz Limit: 3100
Processor Information for processor 5
  Max Mhz: 3100, Current Mhz: 1500, Mhz Limit: 3100
Processor Information for processor 6
  Max Mhz: 3100, Current Mhz: 3100, Mhz Limit: 3100
Processor Information for processor 7
  Max Mhz: 3100, Current Mhz: 3100, Mhz Limit: 3100
Processor Information for processor 8
  Max Mhz: 3100, Current Mhz: 2232, Mhz Limit: 2232
Processor Information for processor 9
  Max Mhz: 3100, Current Mhz: 2232, Mhz Limit: 2232
Processor Information for processor 10
  Max Mhz: 3100, Current Mhz: 2232, Mhz Limit: 2232
Processor Information for processor 11
  Max Mhz: 3100, Current Mhz: 2232, Mhz Limit: 2232
Processor Information for processor 12
  Max Mhz: 3100, Current Mhz: 2232, Mhz Limit: 2232
Processor Information for processor 13
  Max Mhz: 3100, Current Mhz: 2232, Mhz Limit: 2232
Processor Information for processor 14
  Max Mhz: 3100, Current Mhz: 2232, Mhz Limit: 2232
Processor Information for processor 15
  Max Mhz: 3100, Current Mhz: 2232, Mhz Limit: 2232

Memory: 4k page, system-wide physical 7896M (540M free)
TotalPageFile size 24201M (AvailPageFile size 0M)
current process WorkingSet (physical memory assigned to process): 113M, peak: 113M
current process commit charge ("private bytes"): 270M, peak: 270M

vm_info: OpenJDK 64-Bit Server VM (21.0.11+10-LTS) for windows-amd64 JRE (21.0.11+10-LTS), built on 2026-04-21T00:00:00Z by "admin" with MS VC++ 17.12 (VS2022)

END.
